Power Analyzer report for mips
Mon Dec 07 10:56:38 2020
Quartus Prime Version 20.1.1 Build 720 11/11/2020 SJ Lite Edition


---------------------
; Table of Contents ;
---------------------
  1. Legal Notice
  2. Parallel Compilation
  3. Power Analyzer Summary
  4. Power Analyzer Settings
  5. Indeterminate Toggle Rates
  6. Operating Conditions Used
  7. Thermal Power Dissipation by Block
  8. Thermal Power Dissipation by Block Type
  9. Thermal Power Dissipation by Hierarchy
 10. Core Dynamic Thermal Power Dissipation by Clock Domain
 11. Current Drawn from Voltage Supplies Summary
 12. VCCIO Supply Current Drawn by I/O Bank
 13. VCCIO Supply Current Drawn by Voltage
 14. Confidence Metric Details
 15. Signal Activities
 16. Power Analyzer Messages
 17. Power Analyzer Suppressed Messages



----------------
; Legal Notice ;
----------------
Copyright (C) 2020  Intel Corporation. All rights reserved.
Your use of Intel Corporation's design tools, logic functions 
and other software and tools, and any partner logic 
functions, and any output files from any of the foregoing 
(including device programming or simulation files), and any 
associated documentation or information are expressly subject 
to the terms and conditions of the Intel Program License 
Subscription Agreement, the Intel Quartus Prime License Agreement,
the Intel FPGA IP License Agreement, or other applicable license
agreement, including, without limitation, that your use is for
the sole purpose of programming logic devices manufactured by
Intel and sold by Intel or its authorized distributors.  Please
refer to the applicable agreement for further details, at
https://fpgasoftware.intel.com/eula.



+------------------------------------------+
; Parallel Compilation                     ;
+----------------------------+-------------+
; Processors                 ; Number      ;
+----------------------------+-------------+
; Number detected on machine ; 12          ;
; Maximum allowed            ; 4           ;
;                            ;             ;
; Average used               ; 1.47        ;
; Maximum used               ; 4           ;
;                            ;             ;
; Usage by Processor         ; % Time Used ;
;     Processor 1            ; 100.0%      ;
;     Processors 2-4         ;  15.6%      ;
+----------------------------+-------------+


+-------------------------------------------------------------------------------------------+
; Power Analyzer Summary                                                                    ;
+----------------------------------------+--------------------------------------------------+
; Power Analyzer Status                  ; Successful - Mon Dec 07 10:56:38 2020            ;
; Quartus Prime Version                  ; 20.1.1 Build 720 11/11/2020 SJ Lite Edition      ;
; Revision Name                          ; mips                                             ;
; Top-level Entity Name                  ; board                                            ;
; Family                                 ; MAX 10                                           ;
; Device                                 ; 10M25SAE144C8G                                   ;
; Power Models                           ; Final                                            ;
; Total Thermal Power Dissipation        ; 231.58 mW                                        ;
; Core Dynamic Thermal Power Dissipation ; 1.58 mW                                          ;
; Core Static Thermal Power Dissipation  ; 223.02 mW                                        ;
; I/O Thermal Power Dissipation          ; 6.98 mW                                          ;
; Power Estimation Confidence            ; Low: user provided insufficient toggle rate data ;
+----------------------------------------+--------------------------------------------------+


+--------------------------------------------------------------------------------------------------------------------------+
; Power Analyzer Settings                                                                                                  ;
+------------------------------------------------------------------+---------------------------------------+---------------+
; Option                                                           ; Setting                               ; Default Value ;
+------------------------------------------------------------------+---------------------------------------+---------------+
; Maximum processors allowed for parallel compilation              ; 4                                     ;               ;
; Use smart compilation                                            ; Off                                   ; Off           ;
; Enable parallel Assembler and Timing Analyzer during compilation ; On                                    ; On            ;
; Enable compact report table                                      ; Off                                   ; Off           ;
; Default Power Input I/O Toggle Rate                              ; 12.5%                                 ; 12.5%         ;
; Preset Cooling Solution                                          ; 23 MM HEAT SINK WITH 200 LFPM AIRFLOW ;               ;
; Board thermal model                                              ; None (CONSERVATIVE)                   ;               ;
; Default Power Toggle Rate                                        ; 12.5%                                 ; 12.5%         ;
; Use vectorless estimation                                        ; On                                    ; On            ;
; Use Input Files                                                  ; Off                                   ; Off           ;
; Filter Glitches in VCD File Reader                               ; On                                    ; On            ;
; Power Analyzer Report Signal Activity                            ; Off                                   ; Off           ;
; Power Analyzer Report Power Dissipation                          ; Off                                   ; Off           ;
; Device Power Characteristics                                     ; TYPICAL                               ; TYPICAL       ;
; Automatically Compute Junction Temperature                       ; On                                    ; On            ;
; Specified Junction Temperature                                   ; 25                                    ; 25            ;
; Ambient Temperature                                              ; 25                                    ; 25            ;
; Use Custom Cooling Solution                                      ; Off                                   ; Off           ;
; Board Temperature                                                ; 25                                    ; 25            ;
+------------------------------------------------------------------+---------------------------------------+---------------+


+--------------------------------------------------+
; Indeterminate Toggle Rates                       ;
+--------------------+-----------------------------+
; Node               ; Reason                      ;
+--------------------+-----------------------------+
; clk                ; No valid clock domain found ;
; reset              ; No valid clock domain found ;
; clk~inputclkctrl   ; No valid clock domain found ;
; reset~inputclkctrl ; No valid clock domain found ;
+--------------------+-----------------------------+


+-------------------------------------------------------------------------+
; Operating Conditions Used                                               ;
+---------------------------------------------+---------------------------+
; Setting                                     ; Value                     ;
+---------------------------------------------+---------------------------+
; Device power characteristics                ; Typical                   ;
;                                             ;                           ;
; Voltages                                    ;                           ;
;     VCCA                                    ; 3.00 V                    ;
;     VCC_ONE                                 ; 3.00 V                    ;
;     2.5 V I/O Standard                      ; 2.5 V                     ;
;     2.5 V Schmitt Trigger I/O Standard      ; 2.5 V                     ;
;                                             ;                           ;
; Auto computed junction temperature          ; 28.4 degrees Celsius      ;
;     Ambient temperature                     ; 25.0 degrees Celsius      ;
;     Junction-to-Case thermal resistance     ; 7.40 degrees Celsius/Watt ;
;     Case-to-Heat Sink thermal resistance    ; 0.10 degrees Celsius/Watt ;
;     Heat Sink-to-Ambient thermal resistance ; 7.20 degrees Celsius/Watt ;
;                                             ;                           ;
; Board model used                            ; None                      ;
+---------------------------------------------+---------------------------+


+----------------------------------------------------------------------------------------------------------------------------------------------+
; Thermal Power Dissipation by Block                                                                                                           ;
+------------+------------+---------------------+-----------------------------+--------------------------------+-------------------------------+
; Block Name ; Block Type ; Total Thermal Power ; Block Thermal Dynamic Power ; Block Thermal Static Power (1) ; Routing Thermal Dynamic Power ;
+------------+------------+---------------------+-----------------------------+--------------------------------+-------------------------------+
(1) The "Thermal Power Dissipation by Block" Table has been hidden. To show this table, please select the "Write power dissipation by block to report file" option under "PowerPlay Power Analyzer Settings".


+--------------------------------------------------------------------------------------------------------------------------------------------------------------------------------------------------------------------+
; Thermal Power Dissipation by Block Type                                                                                                                                                                            ;
+---------------------+-----------------------------------+-----------------------------+--------------------------------+-------------------------------+-----------------------------------------------------------+
; Block Type          ; Total Thermal Power by Block Type ; Block Thermal Dynamic Power ; Block Thermal Static Power (1) ; Routing Thermal Dynamic Power ; Block Average Toggle Rate (millions of transitions / sec) ;
+---------------------+-----------------------------------+-----------------------------+--------------------------------+-------------------------------+-----------------------------------------------------------+
; JTAG                ; 0.00 mW                           ; 0.00 mW                     ; --                             ; 0.00 mW                       ;    6.875                                                  ;
; M9K                 ; 0.18 mW                           ; 0.17 mW                     ; --                             ; 0.00 mW                       ;    0.313                                                  ;
; Combinational cell  ; 0.04 mW                           ; 0.04 mW                     ; --                             ; 0.01 mW                       ;    0.230                                                  ;
; Clock control block ; 0.25 mW                           ; 0.00 mW                     ; --                             ; 0.25 mW                       ;    6.667                                                  ;
; Register cell       ; 0.16 mW                           ; 0.10 mW                     ; --                             ; 0.05 mW                       ;    0.412                                                  ;
; I/O                 ; 0.22 mW                           ; 0.15 mW                     ; 0.07 mW                        ; 0.00 mW                       ;    1.528                                                  ;
; Voltage Regulator   ; 0.96 mW                           ; 0.96 mW                     ; 0.00 mW                        ; --                            ; --                                                        ;
+---------------------+-----------------------------------+-----------------------------+--------------------------------+-------------------------------+-----------------------------------------------------------+
(1) The "Block Thermal Static Power" for all block types except Pins and the Voltage Regulator, if one exists, is part of the "Core Static Thermal Power Dissipation" value found on the PowerPlay Power Analyzer-->Summary report panel. The "Core Static Thermal Power Dissipation" also contains the thermal static power dissipated by the routing.


+-----------------------------------------------------------------------------------------------------------------------------------------------------------------------------------------------------------------------------------------------------------------------------------------------------------------------------------------------------------------------------------------------------------------------------------------------------------------------------------------------------------------------------------------------------------------------------------------------------------------------------------------------+
; Thermal Power Dissipation by Hierarchy                                                                                                                                                                                                                                                                                                                                                                                                                                                                                                                                                                                                        ;
+------------------------------------------------------------------------------------------------------------------------------------------+--------------------------------------+---------------------------------+-----------------------------------+-----------------------------------+---------------------------------------------------------------------------------------------------------------------------------------------------------------------------------------------------------------------------------------------------------------------------------------------------------------------------------------------------+
; Compilation Hierarchy Node                                                                                                               ; Total Thermal Power by Hierarchy (1) ; Block Thermal Dynamic Power (1) ; Block Thermal Static Power (1)(2) ; Routing Thermal Dynamic Power (1) ; Full Hierarchy Name                                                                                                                                                                                                                                                                                                                               ;
+------------------------------------------------------------------------------------------------------------------------------------------+--------------------------------------+---------------------------------+-----------------------------------+-----------------------------------+---------------------------------------------------------------------------------------------------------------------------------------------------------------------------------------------------------------------------------------------------------------------------------------------------------------------------------------------------+
; |board                                                                                                                                   ; 1.80 mW (1.43 mW)                    ; 1.42 mW (1.10 mW)               ; 0.07 mW (0.07 mW)                 ; 0.32 mW (0.25 mW)                 ; |board                                                                                                                                                                                                                                                                                                                                            ;
;     |hard_block:auto_generated_inst                                                                                                      ; 0.00 mW (0.00 mW)                    ; 0.00 mW (0.00 mW)               ; --                                ; 0.00 mW (0.00 mW)                 ; |board|hard_block:auto_generated_inst                                                                                                                                                                                                                                                                                                             ;
;     |sld_hub:auto_hub                                                                                                                    ; 0.12 mW (0.00 mW)                    ; 0.09 mW (0.00 mW)               ; --                                ; 0.03 mW (0.00 mW)                 ; |board|sld_hub:auto_hub                                                                                                                                                                                                                                                                                                                           ;
;         |alt_sld_fab_with_jtag_input:\instrumentation_fabric_with_node_gen:fabric_gen_new_way:with_jtag_input_gen:instrumentation_fabric ; 0.12 mW (0.00 mW)                    ; 0.09 mW (0.00 mW)               ; --                                ; 0.03 mW (0.00 mW)                 ; |board|sld_hub:auto_hub|alt_sld_fab_with_jtag_input:\instrumentation_fabric_with_node_gen:fabric_gen_new_way:with_jtag_input_gen:instrumentation_fabric                                                                                                                                                                                           ;
;             |alt_sld_fab:instrumentation_fabric                                                                                          ; 0.12 mW (0.00 mW)                    ; 0.09 mW (0.00 mW)               ; --                                ; 0.03 mW (0.00 mW)                 ; |board|sld_hub:auto_hub|alt_sld_fab_with_jtag_input:\instrumentation_fabric_with_node_gen:fabric_gen_new_way:with_jtag_input_gen:instrumentation_fabric|alt_sld_fab:instrumentation_fabric                                                                                                                                                        ;
;                 |alt_sld_fab_alt_sld_fab:alt_sld_fab                                                                                     ; 0.12 mW (0.00 mW)                    ; 0.09 mW (0.00 mW)               ; --                                ; 0.03 mW (0.00 mW)                 ; |board|sld_hub:auto_hub|alt_sld_fab_with_jtag_input:\instrumentation_fabric_with_node_gen:fabric_gen_new_way:with_jtag_input_gen:instrumentation_fabric|alt_sld_fab:instrumentation_fabric|alt_sld_fab_alt_sld_fab:alt_sld_fab                                                                                                                    ;
;                     |alt_sld_fab_alt_sld_fab_sldfabric:sldfabric                                                                         ; 0.11 mW (0.00 mW)                    ; 0.08 mW (0.00 mW)               ; --                                ; 0.03 mW (0.00 mW)                 ; |board|sld_hub:auto_hub|alt_sld_fab_with_jtag_input:\instrumentation_fabric_with_node_gen:fabric_gen_new_way:with_jtag_input_gen:instrumentation_fabric|alt_sld_fab:instrumentation_fabric|alt_sld_fab_alt_sld_fab:alt_sld_fab|alt_sld_fab_alt_sld_fab_sldfabric:sldfabric                                                                        ;
;                         |sld_jtag_hub:\jtag_hub_gen:real_sld_jtag_hub                                                                    ; 0.11 mW (0.07 mW)                    ; 0.08 mW (0.06 mW)               ; --                                ; 0.03 mW (0.02 mW)                 ; |board|sld_hub:auto_hub|alt_sld_fab_with_jtag_input:\instrumentation_fabric_with_node_gen:fabric_gen_new_way:with_jtag_input_gen:instrumentation_fabric|alt_sld_fab:instrumentation_fabric|alt_sld_fab_alt_sld_fab:alt_sld_fab|alt_sld_fab_alt_sld_fab_sldfabric:sldfabric|sld_jtag_hub:\jtag_hub_gen:real_sld_jtag_hub                           ;
;                             |sld_rom_sr:hub_info_reg                                                                                     ; 0.01 mW (0.01 mW)                    ; 0.01 mW (0.01 mW)               ; --                                ; 0.00 mW (0.00 mW)                 ; |board|sld_hub:auto_hub|alt_sld_fab_with_jtag_input:\instrumentation_fabric_with_node_gen:fabric_gen_new_way:with_jtag_input_gen:instrumentation_fabric|alt_sld_fab:instrumentation_fabric|alt_sld_fab_alt_sld_fab:alt_sld_fab|alt_sld_fab_alt_sld_fab_sldfabric:sldfabric|sld_jtag_hub:\jtag_hub_gen:real_sld_jtag_hub|sld_rom_sr:hub_info_reg   ;
;                             |sld_shadow_jsm:shadow_jsm                                                                                   ; 0.03 mW (0.03 mW)                    ; 0.02 mW (0.02 mW)               ; --                                ; 0.01 mW (0.01 mW)                 ; |board|sld_hub:auto_hub|alt_sld_fab_with_jtag_input:\instrumentation_fabric_with_node_gen:fabric_gen_new_way:with_jtag_input_gen:instrumentation_fabric|alt_sld_fab:instrumentation_fabric|alt_sld_fab_alt_sld_fab:alt_sld_fab|alt_sld_fab_alt_sld_fab_sldfabric:sldfabric|sld_jtag_hub:\jtag_hub_gen:real_sld_jtag_hub|sld_shadow_jsm:shadow_jsm ;
;         |sld_jtag_interface_mod:\jtag_interface_mod_gen:device_family_mod_inst                                                           ; 0.00 mW (0.00 mW)                    ; 0.00 mW (0.00 mW)               ; --                                ; 0.00 mW (0.00 mW)                 ; |board|sld_hub:auto_hub|sld_jtag_interface_mod:\jtag_interface_mod_gen:device_family_mod_inst                                                                                                                                                                                                                                                     ;
;     |clk_div:clkDivide                                                                                                                   ; 0.00 mW (0.00 mW)                    ; 0.00 mW (0.00 mW)               ; --                                ; 0.00 mW (0.00 mW)                 ; |board|clk_div:clkDivide                                                                                                                                                                                                                                                                                                                          ;
;     |mips:mipsProcessor                                                                                                                  ; 0.26 mW (0.00 mW)                    ; 0.23 mW (0.00 mW)               ; --                                ; 0.04 mW (0.00 mW)                 ; |board|mips:mipsProcessor                                                                                                                                                                                                                                                                                                                         ;
;         |data_mem:dmem1                                                                                                                  ; 0.26 mW (0.00 mW)                    ; 0.23 mW (0.00 mW)               ; --                                ; 0.04 mW (0.00 mW)                 ; |board|mips:mipsProcessor|data_mem:dmem1                                                                                                                                                                                                                                                                                                          ;
;             |altsyncram:altsyncram_component                                                                                             ; 0.26 mW (0.00 mW)                    ; 0.23 mW (0.00 mW)               ; --                                ; 0.04 mW (0.00 mW)                 ; |board|mips:mipsProcessor|data_mem:dmem1|altsyncram:altsyncram_component                                                                                                                                                                                                                                                                          ;
;                 |altsyncram_r9r3:auto_generated                                                                                          ; 0.26 mW (0.00 mW)                    ; 0.23 mW (0.00 mW)               ; --                                ; 0.04 mW (0.00 mW)                 ; |board|mips:mipsProcessor|data_mem:dmem1|altsyncram:altsyncram_component|altsyncram_r9r3:auto_generated                                                                                                                                                                                                                                           ;
;                     |altsyncram_1lo2:altsyncram1                                                                                         ; 0.18 mW (0.18 mW)                    ; 0.17 mW (0.17 mW)               ; --                                ; 0.00 mW (0.00 mW)                 ; |board|mips:mipsProcessor|data_mem:dmem1|altsyncram:altsyncram_component|altsyncram_r9r3:auto_generated|altsyncram_1lo2:altsyncram1                                                                                                                                                                                                               ;
;                     |sld_mod_ram_rom:mgl_prim2                                                                                           ; 0.09 mW (0.07 mW)                    ; 0.05 mW (0.04 mW)               ; --                                ; 0.03 mW (0.03 mW)                 ; |board|mips:mipsProcessor|data_mem:dmem1|altsyncram:altsyncram_component|altsyncram_r9r3:auto_generated|sld_mod_ram_rom:mgl_prim2                                                                                                                                                                                                                 ;
;                         |sld_rom_sr:\ram_rom_logic_gen:name_gen:info_rom_sr                                                              ; 0.01 mW (0.01 mW)                    ; 0.01 mW (0.01 mW)               ; --                                ; 0.00 mW (0.00 mW)                 ; |board|mips:mipsProcessor|data_mem:dmem1|altsyncram:altsyncram_component|altsyncram_r9r3:auto_generated|sld_mod_ram_rom:mgl_prim2|sld_rom_sr:\ram_rom_logic_gen:name_gen:info_rom_sr                                                                                                                                                              ;
;                         |sld_jtag_endpoint_adapter:jtag_signal_adapter                                                                   ; 0.00 mW (0.00 mW)                    ; 0.00 mW (0.00 mW)               ; --                                ; 0.00 mW (0.00 mW)                 ; |board|mips:mipsProcessor|data_mem:dmem1|altsyncram:altsyncram_component|altsyncram_r9r3:auto_generated|sld_mod_ram_rom:mgl_prim2|sld_jtag_endpoint_adapter:jtag_signal_adapter                                                                                                                                                                   ;
;         |imem:imem1                                                                                                                      ; 0.00 mW (0.00 mW)                    ; 0.00 mW (0.00 mW)               ; --                                ; 0.00 mW (0.00 mW)                 ; |board|mips:mipsProcessor|imem:imem1                                                                                                                                                                                                                                                                                                              ;
;         |mips_core:mips1                                                                                                                 ; 0.00 mW (0.00 mW)                    ; 0.00 mW (0.00 mW)               ; --                                ; 0.00 mW (0.00 mW)                 ; |board|mips:mipsProcessor|mips_core:mips1                                                                                                                                                                                                                                                                                                         ;
;             |controller:cont                                                                                                             ; 0.00 mW (0.00 mW)                    ; 0.00 mW (0.00 mW)               ; --                                ; 0.00 mW (0.00 mW)                 ; |board|mips:mipsProcessor|mips_core:mips1|controller:cont                                                                                                                                                                                                                                                                                         ;
;                 |aludec:ad                                                                                                               ; 0.00 mW (0.00 mW)                    ; 0.00 mW (0.00 mW)               ; --                                ; 0.00 mW (0.00 mW)                 ; |board|mips:mipsProcessor|mips_core:mips1|controller:cont|aludec:ad                                                                                                                                                                                                                                                                               ;
;                 |maindec:md                                                                                                              ; 0.00 mW (0.00 mW)                    ; 0.00 mW (0.00 mW)               ; --                                ; 0.00 mW (0.00 mW)                 ; |board|mips:mipsProcessor|mips_core:mips1|controller:cont|maindec:md                                                                                                                                                                                                                                                                              ;
;             |datapath:dp                                                                                                                 ; 0.00 mW (0.00 mW)                    ; 0.00 mW (0.00 mW)               ; --                                ; 0.00 mW (0.00 mW)                 ; |board|mips:mipsProcessor|mips_core:mips1|datapath:dp                                                                                                                                                                                                                                                                                             ;
;                 |alu:mainalu                                                                                                             ; 0.00 mW (0.00 mW)                    ; 0.00 mW (0.00 mW)               ; --                                ; 0.00 mW (0.00 mW)                 ; |board|mips:mipsProcessor|mips_core:mips1|datapath:dp|alu:mainalu                                                                                                                                                                                                                                                                                 ;
;                 |adder:pcadd1                                                                                                            ; 0.00 mW (0.00 mW)                    ; 0.00 mW (0.00 mW)               ; --                                ; 0.00 mW (0.00 mW)                 ; |board|mips:mipsProcessor|mips_core:mips1|datapath:dp|adder:pcadd1                                                                                                                                                                                                                                                                                ;
;                 |adder:pcadd2                                                                                                            ; 0.00 mW (0.00 mW)                    ; 0.00 mW (0.00 mW)               ; --                                ; 0.00 mW (0.00 mW)                 ; |board|mips:mipsProcessor|mips_core:mips1|datapath:dp|adder:pcadd2                                                                                                                                                                                                                                                                                ;
;                 |flopr:pcreg                                                                                                             ; 0.00 mW (0.00 mW)                    ; 0.00 mW (0.00 mW)               ; --                                ; 0.00 mW (0.00 mW)                 ; |board|mips:mipsProcessor|mips_core:mips1|datapath:dp|flopr:pcreg                                                                                                                                                                                                                                                                                 ;
;                 |mux2:resmux                                                                                                             ; 0.00 mW (0.00 mW)                    ; 0.00 mW (0.00 mW)               ; --                                ; 0.00 mW (0.00 mW)                 ; |board|mips:mipsProcessor|mips_core:mips1|datapath:dp|mux2:resmux                                                                                                                                                                                                                                                                                 ;
;                 |regfile:rf                                                                                                              ; 0.00 mW (0.00 mW)                    ; 0.00 mW (0.00 mW)               ; --                                ; 0.00 mW (0.00 mW)                 ; |board|mips:mipsProcessor|mips_core:mips1|datapath:dp|regfile:rf                                                                                                                                                                                                                                                                                  ;
;                 |mux2:srcbmux                                                                                                            ; 0.00 mW (0.00 mW)                    ; 0.00 mW (0.00 mW)               ; --                                ; 0.00 mW (0.00 mW)                 ; |board|mips:mipsProcessor|mips_core:mips1|datapath:dp|mux2:srcbmux                                                                                                                                                                                                                                                                                ;
;                 |mux2:wrmux                                                                                                              ; 0.00 mW (0.00 mW)                    ; 0.00 mW (0.00 mW)               ; --                                ; 0.00 mW (0.00 mW)                 ; |board|mips:mipsProcessor|mips_core:mips1|datapath:dp|mux2:wrmux                                                                                                                                                                                                                                                                                  ;
+------------------------------------------------------------------------------------------------------------------------------------------+--------------------------------------+---------------------------------+-----------------------------------+-----------------------------------+---------------------------------------------------------------------------------------------------------------------------------------------------------------------------------------------------------------------------------------------------------------------------------------------------------------------------------------------------+
(1) Value in parentheses is the power consumed at that level of hierarchy. Value not in parentheses is the power consumed at that level of hierarchy plus the power consumed by all levels of hierarchy below it.

(2) The "Block Thermal Static Power" for all levels of hierarchy except the top-level hierarchy is part of the "Core Static Thermal Power Dissipation" value found on the PowerPlay Power Analyzer-->Summary report panel. The "Core Static Thermal Power Dissipation" also contains the thermal static power dissipated by the routing.


+------------------------------------------------------------------------+
; Core Dynamic Thermal Power Dissipation by Clock Domain                 ;
+---------------------+-----------------------+--------------------------+
; Clock Domain        ; Clock Frequency (MHz) ; Total Core Dynamic Power ;
+---------------------+-----------------------+--------------------------+
; altera_reserved_tck ; 10.00                 ; 0.45                     ;
; No clock domain     ; 0.00                  ; 0.18                     ;
+---------------------+-----------------------+--------------------------+


+------------------------------------------------------------------------------------------------------------------------------------+
; Current Drawn from Voltage Supplies Summary                                                                                        ;
+----------------+-------------------------+---------------------------+--------------------------+----------------------------------+
; Voltage Supply ; Total Current Drawn (1) ; Dynamic Current Drawn (1) ; Static Current Drawn (1) ; Minimum Power Supply Current (2) ;
+----------------+-------------------------+---------------------------+--------------------------+----------------------------------+
; VCCIO          ; 2.80 mA                 ; 0.05 mA                   ; 2.75 mA                  ; 2.80 mA                          ;
; VCCA           ; 0.00 mA                 ; 0.00 mA                   ; 0.00 mA                  ; 0.00 mA                          ;
; VCC_ONE        ; 74.87 mA                ; 0.53 mA                   ; 74.34 mA                 ; 74.87 mA                         ;
+----------------+-------------------------+---------------------------+--------------------------+----------------------------------+
(1) Currents reported in columns "Total Current Drawn", "Dynamic Current Drawn", and "Static Current Drawn" are sufficient for user operation of the device.  
(2) Currents reported in column "Minimum Power Supply Current" are sufficient for power-up, configuration, and user operation of the device.


+-----------------------------------------------------------------------------------------------+
; VCCIO Supply Current Drawn by I/O Bank                                                        ;
+----------+---------------+---------------------+-----------------------+----------------------+
; I/O Bank ; VCCIO Voltage ; Total Current Drawn ; Dynamic Current Drawn ; Static Current Drawn ;
+----------+---------------+---------------------+-----------------------+----------------------+
; 1A       ; 2.5V          ; 0.30 mA             ; 0.00 mA               ; 0.30 mA              ;
; 1B       ; 2.5V          ; 0.36 mA             ; 0.05 mA               ; 0.31 mA              ;
; 2        ; 2.5V          ; 0.30 mA             ; 0.00 mA               ; 0.30 mA              ;
; 3        ; 2.5V          ; 0.32 mA             ; 0.00 mA               ; 0.32 mA              ;
; 4        ; 2.5V          ; 0.30 mA             ; 0.00 mA               ; 0.30 mA              ;
; 5        ; 2.5V          ; 0.30 mA             ; 0.00 mA               ; 0.30 mA              ;
; 6        ; 2.5V          ; 0.30 mA             ; 0.00 mA               ; 0.30 mA              ;
; 7        ; 2.5V          ; 0.30 mA             ; 0.00 mA               ; 0.30 mA              ;
; 8        ; 2.5V          ; 0.31 mA             ; 0.00 mA               ; 0.31 mA              ;
+----------+---------------+---------------------+-----------------------+----------------------+


+-----------------------------------------------------------------------------------------------------------------------------------+
; VCCIO Supply Current Drawn by Voltage                                                                                             ;
+---------------+-------------------------+---------------------------+--------------------------+----------------------------------+
; VCCIO Voltage ; Total Current Drawn (1) ; Dynamic Current Drawn (1) ; Static Current Drawn (1) ; Minimum Power Supply Current (2) ;
+---------------+-------------------------+---------------------------+--------------------------+----------------------------------+
; 2.5V          ; 2.80 mA                 ; 0.05 mA                   ; 2.75 mA                  ; 2.80 mA                          ;
+---------------+-------------------------+---------------------------+--------------------------+----------------------------------+
(1) Currents reported in columns "Total Current Drawn", "Dynamic Current Drawn", and "Static Current Drawn" are sufficient for user operation of the device.  
(2) Currents reported in column "Minimum Power Supply Current" are sufficient for power-up, configuration, and user operation of the device.


+---------------------------------------------------------------------------------------------------------------------------------------------------+
; Confidence Metric Details                                                                                                                         ;
+----------------------------------------------------------------------------------------+--------------+------------+--------------+---------------+
; Data Source                                                                            ; Total        ; Pin        ; Registered   ; Combinational ;
+----------------------------------------------------------------------------------------+--------------+------------+--------------+---------------+
; Simulation (from file)                                                                 ;              ;            ;              ;               ;
;     -- Number of signals with Toggle Rate from Simulation                              ; 0 (0.0%)     ; 0 (0.0%)   ; 0 (0.0%)     ; 0 (0.0%)      ;
;     -- Number of signals with Static Probability from Simulation                       ; 0 (0.0%)     ; 0 (0.0%)   ; 0 (0.0%)     ; 0 (0.0%)      ;
;                                                                                        ;              ;            ;              ;               ;
; Node, entity or clock assignment                                                       ;              ;            ;              ;               ;
;     -- Number of signals with Toggle Rate from Node, entity or clock assignment        ; 2 (0.1%)     ; 1 (5.6%)   ; 0 (0.0%)     ; 1 (0.1%)      ;
;     -- Number of signals with Static Probability from Node, entity or clock assignment ; 4 (0.3%)     ; 1 (5.6%)   ; 0 (0.0%)     ; 3 (0.3%)      ;
;                                                                                        ;              ;            ;              ;               ;
; Vectorless estimation                                                                  ;              ;            ;              ;               ;
;     -- Number of signals with Toggle Rate from Vectorless estimation                   ; 1526 (99.4%) ; 10 (55.6%) ; 440 (100.0%) ; 1076 (99.9%)  ;
;     -- Number of signals with Zero toggle rate, from Vectorless estimation             ; 5 (0.3%)     ; 0 (0.0%)   ; 0 (0.0%)     ; 5 (0.5%)      ;
;     -- Number of signals with Static Probability from Vectorless estimation            ; 1524 (99.3%) ; 10 (55.6%) ; 440 (100.0%) ; 1074 (99.7%)  ;
;                                                                                        ;              ;            ;              ;               ;
; Default assignment                                                                     ;              ;            ;              ;               ;
;     -- Number of signals with Toggle Rate from Default assignment                      ; 2 (0.1%)     ; 2 (11.1%)  ; 0 (0.0%)     ; 0 (0.0%)      ;
;     -- Number of signals with Static Probability from Default assignment               ; 7 (0.5%)     ; 7 (38.9%)  ; 0 (0.0%)     ; 0 (0.0%)      ;
;                                                                                        ;              ;            ;              ;               ;
; Assumed 0                                                                              ;              ;            ;              ;               ;
;     -- Number of signals with Toggle Rate assumed 0                                    ; 5 (0.3%)     ; 5 (27.8%)  ; 0 (0.0%)     ; 0 (0.0%)      ;
+----------------------------------------------------------------------------------------+--------------+------------+--------------+---------------+


+---------------------------------------------------------------------------------------------------------------------------------------------+
; Signal Activities                                                                                                                           ;
+--------+------+---------------------------------------------+-------------------------+--------------------+--------------------------------+
; Signal ; Type ; Toggle Rate (millions of transitions / sec) ; Toggle Rate Data Source ; Static Probability ; Static Probability Data Source ;
+--------+------+---------------------------------------------+-------------------------+--------------------+--------------------------------+
(1) The "Signal Activity" Table has been hidden. To show this table, please select the "Write signal activities to report file" option under "PowerPlay Power Analyzer Settings".


+-------------------------+
; Power Analyzer Messages ;
+-------------------------+
Info: *******************************************************************
Info: Running Quartus Prime Power Analyzer
    Info: Version 20.1.1 Build 720 11/11/2020 SJ Lite Edition
    Info: Processing started: Mon Dec 07 10:56:36 2020
Info: Command: quartus_pow --read_settings_files=off --write_settings_files=off mips -c mips
Info (21077): Low junction temperature is 0 degrees C
Info (21077): High junction temperature is 85 degrees C
Info (332164): Evaluating HDL-embedded SDC commands
    Info (332165): Entity sld_hub
        Info (332166): create_clock -name altera_reserved_tck [get_ports {altera_reserved_tck}] -period 10MHz   
        Info (332166): set_clock_groups -asynchronous -group {altera_reserved_tck}
Info (332097): The following timing edges are non-unate.  The Timing Analyzer will assume pos-unate behavior for these edges in the clock network.
    Info (332098): Cell: altera_internal_jtag  from: tck  to: tckutap
Info (223000): Starting Vectorless Power Activity Estimation
Info (223001): Completed Vectorless Power Activity Estimation
Info (218000): Using Advanced I/O Power to simulate I/O buffers with the specified board trace model
Info (334003): Started post-fitting delay annotation
Info (334004): Delay annotation completed successfully
Info (215049): Average toggle rate for this design is 0.332 millions of transitions / sec
Info (215031): Total thermal power estimate for the design is 231.58 mW
Info (144001): Generated suppressed messages file D:/Quartus/Max10/demo_mips/output_files/mips.pow.smsg
Info: Quartus Prime Power Analyzer was successful. 0 errors, 0 warnings
    Info: Peak virtual memory: 4859 megabytes
    Info: Processing ended: Mon Dec 07 10:56:38 2020
    Info: Elapsed time: 00:00:02
    Info: Total CPU time (on all processors): 00:00:03


+------------------------------------+
; Power Analyzer Suppressed Messages ;
+------------------------------------+
The suppressed messages can be found in D:/Quartus/Max10/demo_mips/output_files/mips.pow.smsg.


